PostgreSQL schema ready.

┌──────────────────────────────────────────────────────┐
│ Income Compounder Research OS                        │
│ Full Funnel Run - 2026-06-25 10:45 UTC               │
│ Universe: 2 tickers | Portfolio: MYR 500,000 | DB ON │
└──────────────────────────────────────────────────────┘

Fetching USD/MYR rate (FRED DEXMAUS)...
  USD/MYR: 4.1150

Computing macro regime (FRED data)...
  Market:   RANGING (confidence 0.75)
  Growth:   EXPANSION (confidence 0.75)
  Rates:    STABLE (confidence 0.85)
  FinCond:  LOOSE (confidence 0.75)

Stage 0->1: Quality screen (2 tickers)...
  PASS: ABT
  FAIL: NEE

Stage 1->2: Dip trigger screen (1 PROSPECTS)...
  Triggered (-> KIV): ABT
    ABT  pct_below=32.8%  RSI=60.1  vol_ratio=1.30  [WEAK]
  Not triggered: none

Stage 2->3: Context check + scoring (1 KIV stocks)...
  Macro gate: RANGING -- promotion allowed
  MiMo 2.5 configured -- running dip classification...
  ABT: MiMo classification = CYCLICAL_IDIOSYNCRATIC (conf=0.78)

                                                                   Funnel Summary                                                                   
                                                                                                                                                    
  Ticker     Stage             Dip%      RSI       IQ       BQ      DQ*       OC     Score    Mult     Size (MYR)   Notes                           
 ────────────────────────────────────────────────────────────────────────────────────────────────────────────────────────────────────────────────── 
  ABT        KIV              32.8%     60.1     83.0     63.0     53.9     38.0      63.8    1.0×     MYR 25,000                                   
  NEE        REJECTED             -        -        -        -        -        -         -       -              -   Regulated utility detected (SI  
                                                                                                                                                    
DQ = Dip Quality (MiMo 2.5). Requires MIMO_API_KEY.

Run completed in 81.7s

